# JRE version: OpenJDK Runtime Environment Microsoft-7208460 (11.0.18+10) (build 11.0.18+10-LTS)
# Java VM: OpenJDK 64-Bit Server VM Microsoft-7208460 (11.0.18+10-LTS, mixed mode, tiered, compressed oops, g1 gc, windows-amd64)
Heap:
 garbage-first heap   total 129024K, used 57328K [0x0000000080000000, 0x0000000100000000)
  region size 1024K, 40 young (40960K), 4 survivors (4096K)
 Metaspace       used 33696K, capacity 34483K, committed 34608K, reserved 546816K
  class space    used 4384K, capacity 4684K, committed 4736K, reserved 516096K
GC Heap History (14 events):
Event: 5.127 GC heap before
{Heap before GC invocations=0 (full 0):
 garbage-first heap   total 129024K, used 13312K [0x0000000080000000, 0x0000000100000000)
  region size 1024K, 14 young (14336K), 0 survivors (0K)
 Metaspace       used 6774K, capacity 6989K, committed 7168K, reserved 524288K
  class space    used 573K, capacity 650K, committed 768K, reserved 516096K
}
Event: 5.197 GC heap after
{Heap after GC invocations=1 (full 0):
 garbage-first heap   total 129024K, used 4287K [0x0000000080000000, 0x0000000100000000)
  region size 1024K, 2 young (2048K), 2 survivors (2048K)
 Metaspace       used 6774K, capacity 6989K, committed 7168K, reserved 524288K
  class space    used 573K, capacity 650K, committed 768K, reserved 516096K
}
Event: 9.405 GC heap before
{Heap before GC invocations=1 (full 0):
 garbage-first heap   total 129024K, used 20671K [0x0000000080000000, 0x0000000100000000)
  region size 1024K, 14 young (14336K), 2 survivors (2048K)
 Metaspace       used 9985K, capacity 10182K, committed 10368K, reserved 526336K
  class space    used 1013K, capacity 1102K, committed 1152K, reserved 516096K
}
Event: 9.410 GC heap after
{Heap after GC invocations=2 (full 0):
 garbage-first heap   total 129024K, used 10360K [0x0000000080000000, 0x0000000100000000)
  region size 1024K, 2 young (2048K), 2 survivors (2048K)
 Metaspace       used 9985K, capacity 10182K, committed 10368K, reserved 526336K
  class space    used 1013K, capacity 1102K, committed 1152K, reserved 516096K
}
Event: 40.844 GC heap before
{Heap before GC invocations=2 (full 0):
 garbage-first heap   total 129024K, used 40056K [0x0000000080000000, 0x0000000100000000)
  region size 1024K, 31 young (31744K), 2 survivors (2048K)
 Metaspace       used 11007K, capacity 11263K, committed 11520K, reserved 526336K
  class space    used 1115K, capacity 1206K, committed 1280K, reserved 516096K
}
Event: 40.849 GC heap after
{Heap after GC invocations=3 (full 0):
 garbage-first heap   total 129024K, used 13903K [0x0000000080000000, 0x0000000100000000)
  region size 1024K, 4 young (4096K), 4 survivors (4096K)
 Metaspace       used 11007K, capacity 11263K, committed 11520K, reserved 526336K
  class space    used 1115K, capacity 1206K, committed 1280K, reserved 516096K
}
Event: 69.445 GC heap before
{Heap before GC invocations=3 (full 0):
 garbage-first heap   total 129024K, used 56911K [0x0000000080000000, 0x0000000100000000)
  region size 1024K, 46 young (47104K), 4 survivors (4096K)
 Metaspace       used 18944K, capacity 19312K, committed 19584K, reserved 534528K
  class space    used 2186K, capacity 2314K, committed 2432K, reserved 516096K
}
Event: 69.473 GC heap after
{Heap after GC invocations=4 (full 0):
 garbage-first heap   total 129024K, used 17736K [0x0000000080000000, 0x0000000100000000)
  region size 1024K, 6 young (6144K), 6 survivors (6144K)
 Metaspace       used 18944K, capacity 19312K, committed 19584K, reserved 534528K
  class space    used 2186K, capacity 2314K, committed 2432K, reserved 516096K
}
Event: 73.435 GC heap before
{Heap before GC invocations=4 (full 0):
 garbage-first heap   total 129024K, used 33096K [0x0000000080000000, 0x0000000100000000)
  region size 1024K, 22 young (22528K), 6 survivors (6144K)
 Metaspace       used 20785K, capacity 21186K, committed 21296K, reserved 536576K
  class space    used 2479K, capacity 2650K, committed 2688K, reserved 516096K
}
Event: 73.595 GC heap after
{Heap after GC invocations=5 (full 0):
 garbage-first heap   total 129024K, used 18563K [0x0000000080000000, 0x0000000100000000)
  region size 1024K, 4 young (4096K), 4 survivors (4096K)
 Metaspace       used 20785K, capacity 21186K, committed 21296K, reserved 536576K
  class space    used 2479K, capacity 2650K, committed 2688K, reserved 516096K
}
Event: 99.493 GC heap before
{Heap before GC invocations=6 (full 0):
 garbage-first heap   total 129024K, used 59523K [0x0000000080000000, 0x0000000100000000)
  region size 1024K, 45 young (46080K), 4 survivors (4096K)
 Metaspace       used 24663K, capacity 25298K, committed 25520K, reserved 538624K
  class space    used 3089K, capacity 3317K, committed 3328K, reserved 516096K
}
Event: 99.504 GC heap after
{Heap after GC invocations=7 (full 0):
 garbage-first heap   total 129024K, used 20213K [0x0000000080000000, 0x0000000100000000)
  region size 1024K, 3 young (3072K), 3 survivors (3072K)
 Metaspace       used 24663K, capacity 25298K, committed 25520K, reserved 538624K
  class space    used 3089K, capacity 3317K, committed 3328K, reserved 516096K
}
Event: 128.000 GC heap before
{Heap before GC invocations=7 (full 0):
 garbage-first heap   total 129024K, used 68341K [0x0000000080000000, 0x0000000100000000)
  region size 1024K, 50 young (51200K), 3 survivors (3072K)
 Metaspace       used 29277K, capacity 29973K, committed 30128K, reserved 542720K
  class space    used 3805K, capacity 4093K, committed 4096K, reserved 516096K
}
Event: 128.004 GC heap after
{Heap after GC invocations=8 (full 0):
 garbage-first heap   total 129024K, used 21488K [0x0000000080000000, 0x0000000100000000)
  region size 1024K, 4 young (4096K), 4 survivors (4096K)
 Metaspace       used 29277K, capacity 29973K, committed 30128K, reserved 542720K
  class space    used 3805K, capacity 4093K, committed 4096K, reserved 516096K
}

