# JRE version: OpenJDK Runtime Environment Microsoft-7208460 (11.0.18+10) (build 11.0.18+10-LTS)
# Java VM: OpenJDK 64-Bit Server VM Microsoft-7208460 (11.0.18+10-LTS, mixed mode, tiered, compressed oops, g1 gc, windows-amd64)
Heap:
 garbage-first heap   total 129024K, used 55477K [0x0000000080000000, 0x0000000100000000)
  region size 1024K, 39 young (39936K), 5 survivors (5120K)
 Metaspace       used 34699K, capacity 35548K, committed 35760K, reserved 548864K
  class space    used 4436K, capacity 4783K, committed 4864K, reserved 516096K
GC Heap History (14 events):
Event: 6.257 GC heap before
{Heap before GC invocations=0 (full 0):
 garbage-first heap   total 129024K, used 13312K [0x0000000080000000, 0x0000000100000000)
  region size 1024K, 14 young (14336K), 0 survivors (0K)
 Metaspace       used 6776K, capacity 6989K, committed 7168K, reserved 524288K
  class space    used 573K, capacity 650K, committed 768K, reserved 516096K
}
Event: 6.268 GC heap after
{Heap after GC invocations=1 (full 0):
 garbage-first heap   total 129024K, used 4284K [0x0000000080000000, 0x0000000100000000)
  region size 1024K, 2 young (2048K), 2 survivors (2048K)
 Metaspace       used 6776K, capacity 6989K, committed 7168K, reserved 524288K
  class space    used 573K, capacity 650K, committed 768K, reserved 516096K
}
Event: 8.698 GC heap before
{Heap before GC invocations=1 (full 0):
 garbage-first heap   total 129024K, used 19644K [0x0000000080000000, 0x0000000100000000)
  region size 1024K, 13 young (13312K), 2 survivors (2048K)
 Metaspace       used 9959K, capacity 10182K, committed 10368K, reserved 526336K
  class space    used 1012K, capacity 1102K, committed 1152K, reserved 516096K
}
Event: 8.700 GC heap after
{Heap after GC invocations=2 (full 0):
 garbage-first heap   total 129024K, used 10416K [0x0000000080000000, 0x0000000100000000)
  region size 1024K, 2 young (2048K), 2 survivors (2048K)
 Metaspace       used 9959K, capacity 10182K, committed 10368K, reserved 526336K
  class space    used 1012K, capacity 1102K, committed 1152K, reserved 516096K
}
Event: 30.774 GC heap before
{Heap before GC invocations=2 (full 0):
 garbage-first heap   total 129024K, used 40112K [0x0000000080000000, 0x0000000100000000)
  region size 1024K, 30 young (30720K), 2 survivors (2048K)
 Metaspace       used 10957K, capacity 11199K, committed 11520K, reserved 526336K
  class space    used 1115K, capacity 1206K, committed 1280K, reserved 516096K
}
Event: 30.777 GC heap after
{Heap after GC invocations=3 (full 0):
 garbage-first heap   total 129024K, used 12868K [0x0000000080000000, 0x0000000100000000)
  region size 1024K, 4 young (4096K), 4 survivors (4096K)
 Metaspace       used 10957K, capacity 11199K, committed 11520K, reserved 526336K
  class space    used 1115K, capacity 1206K, committed 1280K, reserved 516096K
}
Event: 68.178 GC heap before
{Heap before GC invocations=3 (full 0):
 garbage-first heap   total 129024K, used 54852K [0x0000000080000000, 0x0000000100000000)
  region size 1024K, 45 young (46080K), 4 survivors (4096K)
 Metaspace       used 18379K, capacity 18750K, committed 18944K, reserved 534528K
  class space    used 2123K, capacity 2276K, committed 2304K, reserved 516096K
}
Event: 68.247 GC heap after
{Heap after GC invocations=4 (full 0):
 garbage-first heap   total 129024K, used 17932K [0x0000000080000000, 0x0000000100000000)
  region size 1024K, 6 young (6144K), 6 survivors (6144K)
 Metaspace       used 18379K, capacity 18750K, committed 18944K, reserved 534528K
  class space    used 2123K, capacity 2276K, committed 2304K, reserved 516096K
}
Event: 73.414 GC heap before
{Heap before GC invocations=4 (full 0):
 garbage-first heap   total 129024K, used 36364K [0x0000000080000000, 0x0000000100000000)
  region size 1024K, 25 young (25600K), 6 survivors (6144K)
 Metaspace       used 20780K, capacity 21186K, committed 21296K, reserved 536576K
  class space    used 2478K, capacity 2650K, committed 2688K, reserved 516096K
}
Event: 73.561 GC heap after
{Heap after GC invocations=5 (full 0):
 garbage-first heap   total 129024K, used 18423K [0x0000000080000000, 0x0000000100000000)
  region size 1024K, 5 young (5120K), 5 survivors (5120K)
 Metaspace       used 20780K, capacity 21186K, committed 21296K, reserved 536576K
  class space    used 2478K, capacity 2650K, committed 2688K, reserved 516096K
}
Event: 99.495 GC heap before
{Heap before GC invocations=6 (full 0):
 garbage-first heap   total 129024K, used 61431K [0x0000000080000000, 0x0000000100000000)
  region size 1024K, 47 young (48128K), 5 survivors (5120K)
 Metaspace       used 24662K, capacity 25234K, committed 25264K, reserved 538624K
  class space    used 3090K, capacity 3317K, committed 3328K, reserved 516096K
}
Event: 99.500 GC heap after
{Heap after GC invocations=7 (full 0):
 garbage-first heap   total 129024K, used 19927K [0x0000000080000000, 0x0000000100000000)
  region size 1024K, 3 young (3072K), 3 survivors (3072K)
 Metaspace       used 24662K, capacity 25234K, committed 25264K, reserved 538624K
  class space    used 3090K, capacity 3317K, committed 3328K, reserved 516096K
}
Event: 128.626 GC heap before
{Heap before GC invocations=7 (full 0):
 garbage-first heap   total 129024K, used 72151K [0x0000000080000000, 0x0000000100000000)
  region size 1024K, 54 young (55296K), 3 survivors (3072K)
 Metaspace       used 29583K, capacity 30248K, committed 30512K, reserved 542720K
  class space    used 3855K, capacity 4144K, committed 4224K, reserved 516096K
}
Event: 128.630 GC heap after
{Heap after GC invocations=8 (full 0):
 garbage-first heap   total 129024K, used 21685K [0x0000000080000000, 0x0000000100000000)
  region size 1024K, 5 young (5120K), 5 survivors (5120K)
 Metaspace       used 29583K, capacity 30248K, committed 30512K, reserved 542720K
  class space    used 3855K, capacity 4144K, committed 4224K, reserved 516096K
}

