# JRE version: OpenJDK Runtime Environment Microsoft-7208460 (11.0.18+10) (build 11.0.18+10-LTS)
# Java VM: OpenJDK 64-Bit Server VM Microsoft-7208460 (11.0.18+10-LTS, mixed mode, tiered, compressed oops, g1 gc, windows-amd64)
Heap:
 garbage-first heap   total 129024K, used 58000K [0x0000000080000000, 0x0000000100000000)
  region size 1024K, 42 young (43008K), 5 survivors (5120K)
 Metaspace       used 34702K, capacity 35548K, committed 35760K, reserved 548864K
  class space    used 4437K, capacity 4783K, committed 4864K, reserved 516096K
GC Heap History (10 events):
Event: 3.543 GC heap before
{Heap before GC invocations=0 (full 0):
 garbage-first heap   total 129024K, used 13312K [0x0000000080000000, 0x0000000100000000)
  region size 1024K, 14 young (14336K), 0 survivors (0K)
 Metaspace       used 6772K, capacity 6989K, committed 7168K, reserved 524288K
  class space    used 573K, capacity 650K, committed 768K, reserved 516096K
}
Event: 3.614 GC heap after
{Heap after GC invocations=1 (full 0):
 garbage-first heap   total 129024K, used 4286K [0x0000000080000000, 0x0000000100000000)
  region size 1024K, 2 young (2048K), 2 survivors (2048K)
 Metaspace       used 6772K, capacity 6989K, committed 7168K, reserved 524288K
  class space    used 573K, capacity 650K, committed 768K, reserved 516096K
}
Event: 65.184 GC heap before
{Heap before GC invocations=1 (full 0):
 garbage-first heap   total 129024K, used 83134K [0x0000000080000000, 0x0000000100000000)
  region size 1024K, 75 young (76800K), 2 survivors (2048K)
 Metaspace       used 17107K, capacity 17406K, committed 17664K, reserved 532480K
  class space    used 1936K, capacity 2040K, committed 2048K, reserved 516096K
}
Event: 65.235 GC heap after
{Heap after GC invocations=2 (full 0):
 garbage-first heap   total 129024K, used 17242K [0x0000000080000000, 0x0000000100000000)
  region size 1024K, 10 young (10240K), 10 survivors (10240K)
 Metaspace       used 17107K, capacity 17406K, committed 17664K, reserved 532480K
  class space    used 1936K, capacity 2040K, committed 2048K, reserved 516096K
}
Event: 73.407 GC heap before
{Heap before GC invocations=2 (full 0):
 garbage-first heap   total 129024K, used 42842K [0x0000000080000000, 0x0000000100000000)
  region size 1024K, 36 young (36864K), 10 survivors (10240K)
 Metaspace       used 20780K, capacity 21187K, committed 21296K, reserved 536576K
  class space    used 2478K, capacity 2650K, committed 2688K, reserved 516096K
}
Event: 73.573 GC heap after
{Heap after GC invocations=3 (full 0):
 garbage-first heap   total 129024K, used 18282K [0x0000000080000000, 0x0000000100000000)
  region size 1024K, 2 young (2048K), 2 survivors (2048K)
 Metaspace       used 20780K, capacity 21187K, committed 21296K, reserved 536576K
  class space    used 2478K, capacity 2650K, committed 2688K, reserved 516096K
}
Event: 97.187 GC heap before
{Heap before GC invocations=4 (full 0):
 garbage-first heap   total 129024K, used 54122K [0x0000000080000000, 0x0000000100000000)
  region size 1024K, 37 young (37888K), 2 survivors (2048K)
 Metaspace       used 24167K, capacity 24744K, committed 25008K, reserved 538624K
  class space    used 3013K, capacity 3240K, committed 3328K, reserved 516096K
}
Event: 97.190 GC heap after
{Heap after GC invocations=5 (full 0):
 garbage-first heap   total 129024K, used 19306K [0x0000000080000000, 0x0000000100000000)
  region size 1024K, 3 young (3072K), 3 survivors (3072K)
 Metaspace       used 24167K, capacity 24744K, committed 25008K, reserved 538624K
  class space    used 3013K, capacity 3240K, committed 3328K, reserved 516096K
}
Event: 128.051 GC heap before
{Heap before GC invocations=5 (full 0):
 garbage-first heap   total 129024K, used 74602K [0x0000000080000000, 0x0000000100000000)
  region size 1024K, 57 young (58368K), 3 survivors (3072K)
 Metaspace       used 29382K, capacity 30084K, committed 30256K, reserved 542720K
  class space    used 3824K, capacity 4131K, committed 4224K, reserved 516096K
}
Event: 128.058 GC heap after
{Heap after GC invocations=6 (full 0):
 garbage-first heap   total 129024K, used 21136K [0x0000000080000000, 0x0000000100000000)
  region size 1024K, 5 young (5120K), 5 survivors (5120K)
 Metaspace       used 29382K, capacity 30084K, committed 30256K, reserved 542720K
  class space    used 3824K, capacity 4131K, committed 4224K, reserved 516096K
}

