# JRE version: OpenJDK Runtime Environment Microsoft-7208460 (11.0.18+10) (build 11.0.18+10-LTS)
# Java VM: OpenJDK 64-Bit Server VM Microsoft-7208460 (11.0.18+10-LTS, mixed mode, tiered, compressed oops, g1 gc, windows-amd64)
Heap:
 garbage-first heap   total 129024K, used 34383K [0x0000000080000000, 0x0000000100000000)
  region size 1024K, 18 young (18432K), 5 survivors (5120K)
 Metaspace       used 34690K, capacity 35612K, committed 35760K, reserved 548864K
  class space    used 4440K, capacity 4783K, committed 4864K, reserved 516096K
GC Heap History (14 events):
Event: 3.292 GC heap before
{Heap before GC invocations=0 (full 0):
 garbage-first heap   total 129024K, used 13312K [0x0000000080000000, 0x0000000100000000)
  region size 1024K, 14 young (14336K), 0 survivors (0K)
 Metaspace       used 6779K, capacity 6989K, committed 7168K, reserved 524288K
  class space    used 573K, capacity 650K, committed 768K, reserved 516096K
}
Event: 3.356 GC heap after
{Heap after GC invocations=1 (full 0):
 garbage-first heap   total 129024K, used 4285K [0x0000000080000000, 0x0000000100000000)
  region size 1024K, 2 young (2048K), 2 survivors (2048K)
 Metaspace       used 6779K, capacity 6989K, committed 7168K, reserved 524288K
  class space    used 573K, capacity 650K, committed 768K, reserved 516096K
}
Event: 9.610 GC heap before
{Heap before GC invocations=1 (full 0):
 garbage-first heap   total 129024K, used 20669K [0x0000000080000000, 0x0000000100000000)
  region size 1024K, 14 young (14336K), 2 survivors (2048K)
 Metaspace       used 9995K, capacity 10182K, committed 10368K, reserved 526336K
  class space    used 1013K, capacity 1102K, committed 1152K, reserved 516096K
}
Event: 9.613 GC heap after
{Heap after GC invocations=2 (full 0):
 garbage-first heap   total 129024K, used 10489K [0x0000000080000000, 0x0000000100000000)
  region size 1024K, 2 young (2048K), 2 survivors (2048K)
 Metaspace       used 9995K, capacity 10182K, committed 10368K, reserved 526336K
  class space    used 1013K, capacity 1102K, committed 1152K, reserved 516096K
}
Event: 40.908 GC heap before
{Heap before GC invocations=2 (full 0):
 garbage-first heap   total 129024K, used 41209K [0x0000000080000000, 0x0000000100000000)
  region size 1024K, 31 young (31744K), 2 survivors (2048K)
 Metaspace       used 11001K, capacity 11263K, committed 11520K, reserved 526336K
  class space    used 1115K, capacity 1206K, committed 1280K, reserved 516096K
}
Event: 40.912 GC heap after
{Heap after GC invocations=3 (full 0):
 garbage-first heap   total 129024K, used 14613K [0x0000000080000000, 0x0000000100000000)
  region size 1024K, 4 young (4096K), 4 survivors (4096K)
 Metaspace       used 11001K, capacity 11263K, committed 11520K, reserved 526336K
  class space    used 1115K, capacity 1206K, committed 1280K, reserved 516096K
}
Event: 69.687 GC heap before
{Heap before GC invocations=3 (full 0):
 garbage-first heap   total 129024K, used 57621K [0x0000000080000000, 0x0000000100000000)
  region size 1024K, 46 young (47104K), 4 survivors (4096K)
 Metaspace       used 19210K, capacity 19539K, committed 19840K, reserved 534528K
  class space    used 2211K, capacity 2347K, committed 2432K, reserved 516096K
}
Event: 69.777 GC heap after
{Heap after GC invocations=4 (full 0):
 garbage-first heap   total 129024K, used 17773K [0x0000000080000000, 0x0000000100000000)
  region size 1024K, 6 young (6144K), 6 survivors (6144K)
 Metaspace       used 19210K, capacity 19539K, committed 19840K, reserved 534528K
  class space    used 2211K, capacity 2347K, committed 2432K, reserved 516096K
}
Event: 73.440 GC heap before
{Heap before GC invocations=4 (full 0):
 garbage-first heap   total 129024K, used 32109K [0x0000000080000000, 0x0000000100000000)
  region size 1024K, 21 young (21504K), 6 survivors (6144K)
 Metaspace       used 20784K, capacity 21187K, committed 21296K, reserved 536576K
  class space    used 2479K, capacity 2650K, committed 2688K, reserved 516096K
}
Event: 73.556 GC heap after
{Heap after GC invocations=5 (full 0):
 garbage-first heap   total 129024K, used 18406K [0x0000000080000000, 0x0000000100000000)
  region size 1024K, 4 young (4096K), 4 survivors (4096K)
 Metaspace       used 20784K, capacity 21187K, committed 21296K, reserved 536576K
  class space    used 2479K, capacity 2650K, committed 2688K, reserved 516096K
}
Event: 106.196 GC heap before
{Heap before GC invocations=6 (full 0):
 garbage-first heap   total 129024K, used 72678K [0x0000000080000000, 0x0000000100000000)
  region size 1024K, 57 young (58368K), 4 survivors (4096K)
 Metaspace       used 25765K, capacity 26374K, committed 26544K, reserved 540672K
  class space    used 3273K, capacity 3485K, committed 3584K, reserved 516096K
}
Event: 106.207 GC heap after
{Heap after GC invocations=7 (full 0):
 garbage-first heap   total 129024K, used 20630K [0x0000000080000000, 0x0000000100000000)
  region size 1024K, 7 young (7168K), 7 survivors (7168K)
 Metaspace       used 25765K, capacity 26374K, committed 26544K, reserved 540672K
  class space    used 3273K, capacity 3485K, committed 3584K, reserved 516096K
}
Event: 134.279 GC heap before
{Heap before GC invocations=7 (full 0):
 garbage-first heap   total 129024K, used 81046K [0x0000000080000000, 0x0000000100000000)
  region size 1024K, 66 young (67584K), 7 survivors (7168K)
 Metaspace       used 31682K, capacity 32471K, committed 32560K, reserved 544768K
  class space    used 4172K, capacity 4480K, committed 4480K, reserved 516096K
}
Event: 134.306 GC heap after
{Heap after GC invocations=8 (full 0):
 garbage-first heap   total 129024K, used 22095K [0x0000000080000000, 0x0000000100000000)
  region size 1024K, 5 young (5120K), 5 survivors (5120K)
 Metaspace       used 31682K, capacity 32471K, committed 32560K, reserved 544768K
  class space    used 4172K, capacity 4480K, committed 4480K, reserved 516096K
}

