# JRE version: OpenJDK Runtime Environment Microsoft-7208460 (11.0.18+10) (build 11.0.18+10-LTS)
# Java VM: OpenJDK 64-Bit Server VM Microsoft-7208460 (11.0.18+10-LTS, mixed mode, tiered, compressed oops, g1 gc, windows-amd64)
Heap:
 garbage-first heap   total 129024K, used 58445K [0x0000000080000000, 0x0000000100000000)
  region size 1024K, 41 young (41984K), 4 survivors (4096K)
 Metaspace       used 34686K, capacity 35612K, committed 35760K, reserved 548864K
  class space    used 4441K, capacity 4783K, committed 4864K, reserved 516096K
GC Heap History (14 events):
Event: 6.154 GC heap before
{Heap before GC invocations=0 (full 0):
 garbage-first heap   total 129024K, used 13312K [0x0000000080000000, 0x0000000100000000)
  region size 1024K, 14 young (14336K), 0 survivors (0K)
 Metaspace       used 6779K, capacity 6989K, committed 7168K, reserved 524288K
  class space    used 573K, capacity 650K, committed 768K, reserved 516096K
}
Event: 6.266 GC heap after
{Heap after GC invocations=1 (full 0):
 garbage-first heap   total 129024K, used 4287K [0x0000000080000000, 0x0000000100000000)
  region size 1024K, 2 young (2048K), 2 survivors (2048K)
 Metaspace       used 6779K, capacity 6989K, committed 7168K, reserved 524288K
  class space    used 573K, capacity 650K, committed 768K, reserved 516096K
}
Event: 9.085 GC heap before
{Heap before GC invocations=1 (full 0):
 garbage-first heap   total 129024K, used 20671K [0x0000000080000000, 0x0000000100000000)
  region size 1024K, 14 young (14336K), 2 survivors (2048K)
 Metaspace       used 9970K, capacity 10182K, committed 10368K, reserved 526336K
  class space    used 1013K, capacity 1102K, committed 1152K, reserved 516096K
}
Event: 9.088 GC heap after
{Heap after GC invocations=2 (full 0):
 garbage-first heap   total 129024K, used 10529K [0x0000000080000000, 0x0000000100000000)
  region size 1024K, 2 young (2048K), 2 survivors (2048K)
 Metaspace       used 9970K, capacity 10182K, committed 10368K, reserved 526336K
  class space    used 1013K, capacity 1102K, committed 1152K, reserved 516096K
}
Event: 40.830 GC heap before
{Heap before GC invocations=2 (full 0):
 garbage-first heap   total 129024K, used 40225K [0x0000000080000000, 0x0000000100000000)
  region size 1024K, 31 young (31744K), 2 survivors (2048K)
 Metaspace       used 11002K, capacity 11263K, committed 11520K, reserved 526336K
  class space    used 1115K, capacity 1206K, committed 1280K, reserved 516096K
}
Event: 40.836 GC heap after
{Heap after GC invocations=3 (full 0):
 garbage-first heap   total 129024K, used 14107K [0x0000000080000000, 0x0000000100000000)
  region size 1024K, 4 young (4096K), 4 survivors (4096K)
 Metaspace       used 11002K, capacity 11263K, committed 11520K, reserved 526336K
  class space    used 1115K, capacity 1206K, committed 1280K, reserved 516096K
}
Event: 69.634 GC heap before
{Heap before GC invocations=3 (full 0):
 garbage-first heap   total 129024K, used 57115K [0x0000000080000000, 0x0000000100000000)
  region size 1024K, 46 young (47104K), 4 survivors (4096K)
 Metaspace       used 19057K, capacity 19472K, committed 19584K, reserved 534528K
  class space    used 2201K, capacity 2346K, committed 2432K, reserved 516096K
}
Event: 69.701 GC heap after
{Heap after GC invocations=4 (full 0):
 garbage-first heap   total 129024K, used 17879K [0x0000000080000000, 0x0000000100000000)
  region size 1024K, 6 young (6144K), 6 survivors (6144K)
 Metaspace       used 19057K, capacity 19472K, committed 19584K, reserved 534528K
  class space    used 2201K, capacity 2346K, committed 2432K, reserved 516096K
}
Event: 73.442 GC heap before
{Heap before GC invocations=4 (full 0):
 garbage-first heap   total 129024K, used 33239K [0x0000000080000000, 0x0000000100000000)
  region size 1024K, 22 young (22528K), 6 survivors (6144K)
 Metaspace       used 20776K, capacity 21187K, committed 21296K, reserved 536576K
  class space    used 2477K, capacity 2650K, committed 2688K, reserved 516096K
}
Event: 73.599 GC heap after
{Heap after GC invocations=5 (full 0):
 garbage-first heap   total 129024K, used 18549K [0x0000000080000000, 0x0000000100000000)
  region size 1024K, 4 young (4096K), 4 survivors (4096K)
 Metaspace       used 20776K, capacity 21187K, committed 21296K, reserved 536576K
  class space    used 2477K, capacity 2650K, committed 2688K, reserved 516096K
}
Event: 99.534 GC heap before
{Heap before GC invocations=6 (full 0):
 garbage-first heap   total 129024K, used 61557K [0x0000000080000000, 0x0000000100000000)
  region size 1024K, 46 young (47104K), 4 survivors (4096K)
 Metaspace       used 24662K, capacity 25234K, committed 25264K, reserved 538624K
  class space    used 3092K, capacity 3317K, committed 3328K, reserved 516096K
}
Event: 99.539 GC heap after
{Heap after GC invocations=7 (full 0):
 garbage-first heap   total 129024K, used 20121K [0x0000000080000000, 0x0000000100000000)
  region size 1024K, 3 young (3072K), 3 survivors (3072K)
 Metaspace       used 24662K, capacity 25234K, committed 25264K, reserved 538624K
  class space    used 3092K, capacity 3317K, committed 3328K, reserved 516096K
}
Event: 128.130 GC heap before
{Heap before GC invocations=7 (full 0):
 garbage-first heap   total 129024K, used 68249K [0x0000000080000000, 0x0000000100000000)
  region size 1024K, 50 young (51200K), 3 survivors (3072K)
 Metaspace       used 29376K, capacity 30084K, committed 30256K, reserved 542720K
  class space    used 3826K, capacity 4131K, committed 4224K, reserved 516096K
}
Event: 128.135 GC heap after
{Heap after GC invocations=8 (full 0):
 garbage-first heap   total 129024K, used 21581K [0x0000000080000000, 0x0000000100000000)
  region size 1024K, 4 young (4096K), 4 survivors (4096K)
 Metaspace       used 29376K, capacity 30084K, committed 30256K, reserved 542720K
  class space    used 3826K, capacity 4131K, committed 4224K, reserved 516096K
}

