# JRE version: OpenJDK Runtime Environment Microsoft-7208460 (11.0.18+10) (build 11.0.18+10-LTS)
# Java VM: OpenJDK 64-Bit Server VM Microsoft-7208460 (11.0.18+10-LTS, mixed mode, tiered, compressed oops, g1 gc, windows-amd64)
Heap:
 garbage-first heap   total 129024K, used 27966K [0x0000000080000000, 0x0000000100000000)
  region size 1024K, 12 young (12288K), 6 survivors (6144K)
 Metaspace       used 34897K, capacity 35739K, committed 35920K, reserved 548864K
  class space    used 4439K, capacity 4783K, committed 4864K, reserved 516096K
GC Heap History (14 events):
Event: 7.073 GC heap before
{Heap before GC invocations=0 (full 0):
 garbage-first heap   total 129024K, used 13312K [0x0000000080000000, 0x0000000100000000)
  region size 1024K, 14 young (14336K), 0 survivors (0K)
 Metaspace       used 6779K, capacity 6989K, committed 7168K, reserved 524288K
  class space    used 573K, capacity 650K, committed 768K, reserved 516096K
}
Event: 7.098 GC heap after
{Heap after GC invocations=1 (full 0):
 garbage-first heap   total 129024K, used 4287K [0x0000000080000000, 0x0000000100000000)
  region size 1024K, 2 young (2048K), 2 survivors (2048K)
 Metaspace       used 6779K, capacity 6989K, committed 7168K, reserved 524288K
  class space    used 573K, capacity 650K, committed 768K, reserved 516096K
}
Event: 9.295 GC heap before
{Heap before GC invocations=1 (full 0):
 garbage-first heap   total 129024K, used 20671K [0x0000000080000000, 0x0000000100000000)
  region size 1024K, 14 young (14336K), 2 survivors (2048K)
 Metaspace       used 9989K, capacity 10182K, committed 10368K, reserved 526336K
  class space    used 1013K, capacity 1102K, committed 1152K, reserved 516096K
}
Event: 9.298 GC heap after
{Heap after GC invocations=2 (full 0):
 garbage-first heap   total 129024K, used 10739K [0x0000000080000000, 0x0000000100000000)
  region size 1024K, 2 young (2048K), 2 survivors (2048K)
 Metaspace       used 9989K, capacity 10182K, committed 10368K, reserved 526336K
  class space    used 1013K, capacity 1102K, committed 1152K, reserved 516096K
}
Event: 40.838 GC heap before
{Heap before GC invocations=2 (full 0):
 garbage-first heap   total 129024K, used 40435K [0x0000000080000000, 0x0000000100000000)
  region size 1024K, 31 young (31744K), 2 survivors (2048K)
 Metaspace       used 11005K, capacity 11263K, committed 11520K, reserved 526336K
  class space    used 1115K, capacity 1206K, committed 1280K, reserved 516096K
}
Event: 40.844 GC heap after
{Heap after GC invocations=3 (full 0):
 garbage-first heap   total 129024K, used 14659K [0x0000000080000000, 0x0000000100000000)
  region size 1024K, 4 young (4096K), 4 survivors (4096K)
 Metaspace       used 11005K, capacity 11263K, committed 11520K, reserved 526336K
  class space    used 1115K, capacity 1206K, committed 1280K, reserved 516096K
}
Event: 69.430 GC heap before
{Heap before GC invocations=3 (full 0):
 garbage-first heap   total 129024K, used 57667K [0x0000000080000000, 0x0000000100000000)
  region size 1024K, 46 young (47104K), 4 survivors (4096K)
 Metaspace       used 18935K, capacity 19312K, committed 19584K, reserved 534528K
  class space    used 2185K, capacity 2314K, committed 2432K, reserved 516096K
}
Event: 69.468 GC heap after
{Heap after GC invocations=4 (full 0):
 garbage-first heap   total 129024K, used 17784K [0x0000000080000000, 0x0000000100000000)
  region size 1024K, 6 young (6144K), 6 survivors (6144K)
 Metaspace       used 18935K, capacity 19312K, committed 19584K, reserved 534528K
  class space    used 2185K, capacity 2314K, committed 2432K, reserved 516096K
}
Event: 73.436 GC heap before
{Heap before GC invocations=4 (full 0):
 garbage-first heap   total 129024K, used 33144K [0x0000000080000000, 0x0000000100000000)
  region size 1024K, 22 young (22528K), 6 survivors (6144K)
 Metaspace       used 20787K, capacity 21187K, committed 21296K, reserved 536576K
  class space    used 2479K, capacity 2650K, committed 2688K, reserved 516096K
}
Event: 73.594 GC heap after
{Heap after GC invocations=5 (full 0):
 garbage-first heap   total 129024K, used 18479K [0x0000000080000000, 0x0000000100000000)
  region size 1024K, 5 young (5120K), 5 survivors (5120K)
 Metaspace       used 20787K, capacity 21187K, committed 21296K, reserved 536576K
  class space    used 2479K, capacity 2650K, committed 2688K, reserved 516096K
}
Event: 103.335 GC heap before
{Heap before GC invocations=6 (full 0):
 garbage-first heap   total 129024K, used 70703K [0x0000000080000000, 0x0000000100000000)
  region size 1024K, 57 young (58368K), 5 survivors (5120K)
 Metaspace       used 25573K, capacity 26210K, committed 26416K, reserved 540672K
  class space    used 3239K, capacity 3451K, committed 3456K, reserved 516096K
}
Event: 103.341 GC heap after
{Heap after GC invocations=7 (full 0):
 garbage-first heap   total 129024K, used 20213K [0x0000000080000000, 0x0000000100000000)
  region size 1024K, 6 young (6144K), 6 survivors (6144K)
 Metaspace       used 25573K, capacity 26210K, committed 26416K, reserved 540672K
  class space    used 3239K, capacity 3451K, committed 3456K, reserved 516096K
}
Event: 137.853 GC heap before
{Heap before GC invocations=7 (full 0):
 garbage-first heap   total 129024K, used 90869K [0x0000000080000000, 0x0000000100000000)
  region size 1024K, 75 young (76800K), 6 survivors (6144K)
 Metaspace       used 33003K, capacity 33823K, committed 34096K, reserved 546816K
  class space    used 4330K, capacity 4634K, committed 4736K, reserved 516096K
}
Event: 137.863 GC heap after
{Heap after GC invocations=8 (full 0):
 garbage-first heap   total 129024K, used 22846K [0x0000000080000000, 0x0000000100000000)
  region size 1024K, 6 young (6144K), 6 survivors (6144K)
 Metaspace       used 33003K, capacity 33823K, committed 34096K, reserved 546816K
  class space    used 4330K, capacity 4634K, committed 4736K, reserved 516096K
}

