# JRE version: OpenJDK Runtime Environment Microsoft-7208460 (11.0.18+10) (build 11.0.18+10-LTS)
# Java VM: OpenJDK 64-Bit Server VM Microsoft-7208460 (11.0.18+10-LTS, mixed mode, tiered, compressed oops, g1 gc, windows-amd64)
Heap:
 garbage-first heap   total 129024K, used 55905K [0x0000000080000000, 0x0000000100000000)
  region size 1024K, 38 young (38912K), 4 survivors (4096K)
 Metaspace       used 34686K, capacity 35551K, committed 35760K, reserved 548864K
  class space    used 4441K, capacity 4783K, committed 4864K, reserved 516096K
GC Heap History (14 events):
Event: 7.263 GC heap before
{Heap before GC invocations=0 (full 0):
 garbage-first heap   total 129024K, used 13312K [0x0000000080000000, 0x0000000100000000)
  region size 1024K, 14 young (14336K), 0 survivors (0K)
 Metaspace       used 6781K, capacity 6993K, committed 7168K, reserved 524288K
  class space    used 573K, capacity 650K, committed 768K, reserved 516096K
}
Event: 7.291 GC heap after
{Heap after GC invocations=1 (full 0):
 garbage-first heap   total 129024K, used 4287K [0x0000000080000000, 0x0000000100000000)
  region size 1024K, 2 young (2048K), 2 survivors (2048K)
 Metaspace       used 6781K, capacity 6993K, committed 7168K, reserved 524288K
  class space    used 573K, capacity 650K, committed 768K, reserved 516096K
}
Event: 9.883 GC heap before
{Heap before GC invocations=1 (full 0):
 garbage-first heap   total 129024K, used 19647K [0x0000000080000000, 0x0000000100000000)
  region size 1024K, 13 young (13312K), 2 survivors (2048K)
 Metaspace       used 9916K, capacity 10122K, committed 10368K, reserved 526336K
  class space    used 1012K, capacity 1102K, committed 1152K, reserved 516096K
}
Event: 9.887 GC heap after
{Heap after GC invocations=2 (full 0):
 garbage-first heap   total 129024K, used 10619K [0x0000000080000000, 0x0000000100000000)
  region size 1024K, 2 young (2048K), 2 survivors (2048K)
 Metaspace       used 9916K, capacity 10122K, committed 10368K, reserved 526336K
  class space    used 1012K, capacity 1102K, committed 1152K, reserved 516096K
}
Event: 31.560 GC heap before
{Heap before GC invocations=2 (full 0):
 garbage-first heap   total 129024K, used 39291K [0x0000000080000000, 0x0000000100000000)
  region size 1024K, 30 young (30720K), 2 survivors (2048K)
 Metaspace       used 10940K, capacity 11203K, committed 11520K, reserved 526336K
  class space    used 1115K, capacity 1206K, committed 1280K, reserved 516096K
}
Event: 31.563 GC heap after
{Heap after GC invocations=3 (full 0):
 garbage-first heap   total 129024K, used 12666K [0x0000000080000000, 0x0000000100000000)
  region size 1024K, 4 young (4096K), 4 survivors (4096K)
 Metaspace       used 10940K, capacity 11203K, committed 11520K, reserved 526336K
  class space    used 1115K, capacity 1206K, committed 1280K, reserved 516096K
}
Event: 68.095 GC heap before
{Heap before GC invocations=3 (full 0):
 garbage-first heap   total 129024K, used 54650K [0x0000000080000000, 0x0000000100000000)
  region size 1024K, 45 young (46080K), 4 survivors (4096K)
 Metaspace       used 18289K, capacity 18652K, committed 18944K, reserved 534528K
  class space    used 2111K, capacity 2242K, committed 2304K, reserved 516096K
}
Event: 68.179 GC heap after
{Heap after GC invocations=4 (full 0):
 garbage-first heap   total 129024K, used 17788K [0x0000000080000000, 0x0000000100000000)
  region size 1024K, 6 young (6144K), 6 survivors (6144K)
 Metaspace       used 18289K, capacity 18652K, committed 18944K, reserved 534528K
  class space    used 2111K, capacity 2242K, committed 2304K, reserved 516096K
}
Event: 73.465 GC heap before
{Heap before GC invocations=4 (full 0):
 garbage-first heap   total 129024K, used 36220K [0x0000000080000000, 0x0000000100000000)
  region size 1024K, 25 young (25600K), 6 survivors (6144K)
 Metaspace       used 20789K, capacity 21191K, committed 21296K, reserved 536576K
  class space    used 2479K, capacity 2650K, committed 2688K, reserved 516096K
}
Event: 73.624 GC heap after
{Heap after GC invocations=5 (full 0):
 garbage-first heap   total 129024K, used 19032K [0x0000000080000000, 0x0000000100000000)
  region size 1024K, 1 young (1024K), 1 survivors (1024K)
 Metaspace       used 20789K, capacity 21191K, committed 21296K, reserved 536576K
  class space    used 2479K, capacity 2650K, committed 2688K, reserved 516096K
}
Event: 99.974 GC heap before
{Heap before GC invocations=6 (full 0):
 garbage-first heap   total 129024K, used 63064K [0x0000000080000000, 0x0000000100000000)
  region size 1024K, 45 young (46080K), 1 survivors (1024K)
 Metaspace       used 24713K, capacity 25298K, committed 25520K, reserved 538624K
  class space    used 3102K, capacity 3317K, committed 3328K, reserved 516096K
}
Event: 99.978 GC heap after
{Heap after GC invocations=7 (full 0):
 garbage-first heap   total 129024K, used 20355K [0x0000000080000000, 0x0000000100000000)
  region size 1024K, 3 young (3072K), 3 survivors (3072K)
 Metaspace       used 24713K, capacity 25298K, committed 25520K, reserved 538624K
  class space    used 3102K, capacity 3317K, committed 3328K, reserved 516096K
}
Event: 130.651 GC heap before
{Heap before GC invocations=7 (full 0):
 garbage-first heap   total 129024K, used 69507K [0x0000000080000000, 0x0000000100000000)
  region size 1024K, 51 young (52224K), 3 survivors (3072K)
 Metaspace       used 29539K, capacity 30247K, committed 30512K, reserved 542720K
  class space    used 3855K, capacity 4142K, committed 4224K, reserved 516096K
}
Event: 130.656 GC heap after
{Heap after GC invocations=8 (full 0):
 garbage-first heap   total 129024K, used 22113K [0x0000000080000000, 0x0000000100000000)
  region size 1024K, 4 young (4096K), 4 survivors (4096K)
 Metaspace       used 29539K, capacity 30247K, committed 30512K, reserved 542720K
  class space    used 3855K, capacity 4142K, committed 4224K, reserved 516096K
}

