Heap:
 garbage-first heap   total 129024K, used 37920K [0x0000000080000000, 0x0000000100000000)
  region size 1024K, 22 young (22528K), 6 survivors (6144K)
 Metaspace       used 34844K, capacity 35679K, committed 35760K, reserved 548864K
  class space    used 4437K, capacity 4783K, committed 4864K, reserved 516096K
GC Heap History (12 events):
Event: 3.150 GC heap before
{Heap before GC invocations=0 (full 0):
 garbage-first heap   total 129024K, used 13312K [0x0000000080000000, 0x0000000100000000)
  region size 1024K, 14 young (14336K), 0 survivors (0K)
 Metaspace       used 6782K, capacity 6993K, committed 7168K, reserved 524288K
  class space    used 573K, capacity 650K, committed 768K, reserved 516096K
}
Event: 3.236 GC heap after
{Heap after GC invocations=1 (full 0):
 garbage-first heap   total 129024K, used 4287K [0x0000000080000000, 0x0000000100000000)
  region size 1024K, 2 young (2048K), 2 survivors (2048K)
 Metaspace       used 6782K, capacity 6993K, committed 7168K, reserved 524288K
  class space    used 573K, capacity 650K, committed 768K, reserved 516096K
}
Event: 20.541 GC heap before
{Heap before GC invocations=1 (full 0):
 garbage-first heap   total 129024K, used 39103K [0x0000000080000000, 0x0000000100000000)
  region size 1024K, 32 young (32768K), 2 survivors (2048K)
 Metaspace       used 10929K, capacity 11203K, committed 11520K, reserved 526336K
  class space    used 1115K, capacity 1206K, committed 1280K, reserved 516096K
}
Event: 20.545 GC heap after
{Heap after GC invocations=2 (full 0):
 garbage-first heap   total 129024K, used 10845K [0x0000000080000000, 0x0000000100000000)
  region size 1024K, 4 young (4096K), 4 survivors (4096K)
 Metaspace       used 10929K, capacity 11203K, committed 11520K, reserved 526336K
  class space    used 1115K, capacity 1206K, committed 1280K, reserved 516096K
}
Event: 54.823 GC heap before
{Heap before GC invocations=2 (full 0):
 garbage-first heap   total 129024K, used 42589K [0x0000000080000000, 0x0000000100000000)
  region size 1024K, 35 young (35840K), 4 survivors (4096K)
 Metaspace       used 13340K, capacity 13656K, committed 13952K, reserved 528384K
  class space    used 1438K, capacity 1557K, committed 1664K, reserved 516096K
}
Event: 54.834 GC heap after
{Heap after GC invocations=3 (full 0):
 garbage-first heap   total 129024K, used 16059K [0x0000000080000000, 0x0000000100000000)
  region size 1024K, 5 young (5120K), 5 survivors (5120K)
 Metaspace       used 13340K, capacity 13656K, committed 13952K, reserved 528384K
  class space    used 1438K, capacity 1557K, committed 1664K, reserved 516096K
}
Event: 73.484 GC heap before
{Heap before GC invocations=3 (full 0):
 garbage-first heap   total 129024K, used 52923K [0x0000000080000000, 0x0000000100000000)
  region size 1024K, 42 young (43008K), 5 survivors (5120K)
 Metaspace       used 20793K, capacity 21191K, committed 21296K, reserved 536576K
  class space    used 2478K, capacity 2650K, committed 2688K, reserved 516096K
}
Event: 73.645 GC heap after
{Heap after GC invocations=4 (full 0):
 garbage-first heap   total 129024K, used 18993K [0x0000000080000000, 0x0000000100000000)
  region size 1024K, 3 young (3072K), 3 survivors (3072K)
 Metaspace       used 20793K, capacity 21191K, committed 21296K, reserved 536576K
  class space    used 2478K, capacity 2650K, committed 2688K, reserved 516096K
}
Event: 99.952 GC heap before
{Heap before GC invocations=5 (full 0):
 garbage-first heap   total 129024K, used 63025K [0x0000000080000000, 0x0000000100000000)
  region size 1024K, 47 young (48128K), 3 survivors (3072K)
 Metaspace       used 24687K, capacity 25238K, committed 25264K, reserved 538624K
  class space    used 3099K, capacity 3317K, committed 3328K, reserved 516096K
}
Event: 99.956 GC heap after
{Heap after GC invocations=6 (full 0):
 garbage-first heap   total 129024K, used 20519K [0x0000000080000000, 0x0000000100000000)
  region size 1024K, 4 young (4096K), 4 survivors (4096K)
 Metaspace       used 24687K, capacity 25238K, committed 25264K, reserved 538624K
  class space    used 3099K, capacity 3317K, committed 3328K, reserved 516096K
}
Event: 130.823 GC heap before
{Heap before GC invocations=6 (full 0):
 garbage-first heap   total 129024K, used 90151K [0x0000000080000000, 0x0000000100000000)
  region size 1024K, 72 young (73728K), 4 survivors (4096K)
 Metaspace       used 31386K, capacity 32145K, committed 32304K, reserved 544768K
  class space    used 4119K, capacity 4432K, committed 4480K, reserved 516096K
}
Event: 130.829 GC heap after
{Heap after GC invocations=7 (full 0):
 garbage-first heap   total 129024K, used 22560K [0x0000000080000000, 0x0000000100000000)
  region size 1024K, 6 young (6144K), 6 survivors (6144K)
 Metaspace       used 31386K, capacity 32145K, committed 32304K, reserved 544768K
  class space    used 4119K, capacity 4432K, committed 4480K, reserved 516096K
}

